<?xml version="1.0" encoding="UTF-8"?>
<testng-results ignored="0" total="1" passed="1" failed="0" skipped="0">
  <reporter-output>
  </reporter-output>
  <suite started-at="2022-11-01T13:38:09 ICT" name="Test Dynamic XML" finished-at="2022-11-01T13:38:30 ICT" duration-ms="21696">
    <groups>
    </groups>
    <test started-at="2022-11-01T13:38:09 ICT" name="Group Test TEST1" finished-at="2022-11-01T13:38:09 ICT" duration-ms="636">
    </test> <!-- Group Test TEST1 -->
    <test started-at="2022-11-01T13:38:10 ICT" name="Group Test TEST2" finished-at="2022-11-01T13:38:30 ICT" duration-ms="20711">
      <class name="com.framework.DynamicTest">
        <test-method is-config="true" signature="setUp(java.lang.reflect.Method,org.testng.ITestContext,[Ljava.lang.Object;)[pri:0, instance:com.framework.DynamicTest@61138dc9]" started-at="2022-11-01T13:38:10 ICT" name="setUp" finished-at="2022-11-01T13:38:10 ICT" duration-ms="11" status="PASS">
          <params>
            <param index="0">
              <value>
                <![CDATA[public void com.framework.DynamicTest.DynamicTesting(java.util.Map)]]>
              </value>
            </param>
            <param index="1">
              <value>
                <![CDATA[org.testng.TestRunner@4c038edd]]>
              </value>
            </param>
            <param index="2">
              <value>
                <![CDATA[[Ljava.lang.Object;@4d272f6d]]>
              </value>
            </param>
          </params>
          <reporter-output>
          </reporter-output>
        </test-method> <!-- setUp -->
        <test-method signature="DynamicTesting(java.util.Map)[pri:0, instance:com.framework.DynamicTest@61138dc9]" started-at="2022-11-01T13:38:10 ICT" name="DynamicTesting" data-provider="init_runner" finished-at="2022-11-01T13:38:29 ICT" duration-ms="19609" status="PASS">
          <params>
            <param index="0">
              <value>
                <![CDATA[{intNo=2, strScriptID=scrpt-0002, strScenario=A.2 Step Login Failed, strTestGroup=TEST2, strAction=TEST_FOR_DATA}]]>
              </value>
            </param>
          </params>
          <reporter-output>
          </reporter-output>
        </test-method> <!-- DynamicTesting -->
      </class> <!-- com.framework.DynamicTest -->
    </test> <!-- Group Test TEST2 -->
  </suite> <!-- Test Dynamic XML -->
</testng-results>
